<?xml version="1.0"?>
<!DOCTYPE BlastOutput PUBLIC "-//NCBI//NCBI BlastOutput/EN" "http://www.ncbi.nlm.nih.gov/dtd/NCBI_BlastOutput.dtd">
<BlastOutput>
  <BlastOutput_program>blastp</BlastOutput_program>
  <BlastOutput_version>BLASTP 2.15.0+</BlastOutput_version>
  <BlastOutput_reference>Stephen F. Altschul, Thomas L. Madden, Alejandro A. Sch&amp;auml;ffer, Jinghui Zhang, Zheng Zhang, Webb Miller, and David J. Lipman (1997), &quot;Gapped BLAST and PSI-BLAST: a new generation of protein database search programs&quot;, Nucleic Acids Res. 25:3389-3402.</BlastOutput_reference>
  <BlastOutput_db>swissprot</BlastOutput_db>
  <BlastOutput_query-ID>Query_6958765</BlastOutput_query-ID>
  <BlastOutput_query-def>unnamed protein product</BlastOutput_query-def>
  <BlastOutput_query-len>36</BlastOutput_query-len>
  <BlastOutput_param>
    <Parameters>
      <Parameters_matrix>BLOSUM62</Parameters_matrix>
      <Parameters_expect>10</Parameters_expect>
      <Parameters_gap-open>11</Parameters_gap-open>
      <Parameters_gap-extend>1</Parameters_gap-extend>
      <Parameters_filter>F</Parameters_filter>
    </Parameters>
  </BlastOutput_param>
<BlastOutput_iterations>
<Iteration>
  <Iteration_iter-num>1</Iteration_iter-num>
  <Iteration_query-ID>Query_6958765</Iteration_query-ID>
  <Iteration_query-def>unnamed protein product</Iteration_query-def>
  <Iteration_query-len>36</Iteration_query-len>
<Iteration_hits>
<Hit>
  <Hit_num>1</Hit_num>
  <Hit_id>sp|Q6B4Z3.1|</Hit_id>
  <Hit_def>RecName: Full=Histone demethylase UTY; AltName: Full=Ubiquitously transcribed TPR protein on the Y chromosome; AltName: Full=Ubiquitously transcribed Y chromosome tetratricopeptide repeat protein; AltName: Full=[histone H3]-trimethyl-L-lysine(27) demethylase UTY [Pan troglodytes]</Hit_def>
  <Hit_accession>Q6B4Z3</Hit_accession>
  <Hit_len>1079</Hit_len>
  <Hit_hsps>
    <Hsp>
      <Hsp_num>1</Hsp_num>
      <Hsp_bit-score>40.0466</Hsp_bit-score>
      <Hsp_score>92</Hsp_score>
      <Hsp_evalue>5.93546e-05</Hsp_evalue>
      <Hsp_query-from>2</Hsp_query-from>
      <Hsp_query-to>27</Hsp_query-to>
      <Hsp_hit-from>1015</Hsp_hit-from>
      <Hsp_hit-to>1040</Hsp_hit-to>
      <Hsp_query-frame>0</Hsp_query-frame>
      <Hsp_hit-frame>0</Hsp_hit-frame>
      <Hsp_identity>15</Hsp_identity>
      <Hsp_positive>20</Hsp_positive>
      <Hsp_gaps>0</Hsp_gaps>
      <Hsp_align-len>26</Hsp_align-len>
      <Hsp_qseq>RFSCLSVLSSWDYKHLPPSPANFHVF</Hsp_qseq>
      <Hsp_hseq>RFSHLSLPNSWNYRHLPSCPTNFCIF</Hsp_hseq>
      <Hsp_midline>RFS LS+ +SW+Y+HLP  P NF +F</Hsp_midline>
    </Hsp>
  </Hit_hsps>
</Hit>
<Hit>
  <Hit_num>2</Hit_num>
  <Hit_id>sp|Q6UX73.2|</Hit_id>
  <Hit_def>RecName: Full=UPF0764 protein C16orf89; Flags: Precursor [Homo sapiens]</Hit_def>
  <Hit_accession>Q6UX73</Hit_accession>
  <Hit_len>402</Hit_len>
  <Hit_hsps>
    <Hsp>
      <Hsp_num>1</Hsp_num>
      <Hsp_bit-score>39.2762</Hsp_bit-score>
      <Hsp_score>90</Hsp_score>
      <Hsp_evalue>0.000147595</Hsp_evalue>
      <Hsp_query-from>2</Hsp_query-from>
      <Hsp_query-to>28</Hsp_query-to>
      <Hsp_hit-from>345</Hsp_hit-from>
      <Hsp_hit-to>371</Hsp_hit-to>
      <Hsp_query-frame>0</Hsp_query-frame>
      <Hsp_hit-frame>0</Hsp_hit-frame>
      <Hsp_identity>15</Hsp_identity>
      <Hsp_positive>21</Hsp_positive>
      <Hsp_gaps>0</Hsp_gaps>
      <Hsp_align-len>27</Hsp_align-len>
      <Hsp_qseq>RFSCLSVLSSWDYKHLPPSPANFHVFF</Hsp_qseq>
      <Hsp_hseq>QFSCLILPSSWDYRSVPPYLANFYIFL</Hsp_hseq>
      <Hsp_midline>+FSCL + SSWDY+ +PP  ANF++F </Hsp_midline>
    </Hsp>
  </Hit_hsps>
</Hit>
<Hit>
  <Hit_num>3</Hit_num>
  <Hit_id>sp|Q86U02.1|</Hit_id>
  <Hit_def>RecName: Full=Putative uncharacterized protein encoded by LINC00596 [Homo sapiens]</Hit_def>
  <Hit_accession>Q86U02</Hit_accession>
  <Hit_len>117</Hit_len>
  <Hit_hsps>
    <Hsp>
      <Hsp_num>1</Hsp_num>
      <Hsp_bit-score>37.3502</Hsp_bit-score>
      <Hsp_score>85</Hsp_score>
      <Hsp_evalue>0.000353266</Hsp_evalue>
      <Hsp_query-from>2</Hsp_query-from>
      <Hsp_query-to>27</Hsp_query-to>
      <Hsp_hit-from>79</Hsp_hit-from>
      <Hsp_hit-to>104</Hsp_hit-to>
      <Hsp_query-frame>0</Hsp_query-frame>
      <Hsp_hit-frame>0</Hsp_hit-frame>
      <Hsp_identity>17</Hsp_identity>
      <Hsp_positive>21</Hsp_positive>
      <Hsp_gaps>0</Hsp_gaps>
      <Hsp_align-len>26</Hsp_align-len>
      <Hsp_qseq>RFSCLSVLSSWDYKHLPPSPANFHVF</Hsp_qseq>
      <Hsp_hseq>RFSCLSLPSSLDYRHAPPCLANFYIF</Hsp_hseq>
      <Hsp_midline>RFSCLS+ SS DY+H PP  ANF++F</Hsp_midline>
    </Hsp>
  </Hit_hsps>
</Hit>
<Hit>
  <Hit_num>4</Hit_num>
  <Hit_id>sp|Q8N7I0.1|</Hit_id>
  <Hit_def>RecName: Full=Protein GVQW1; AltName: Full=GVQW motif-containing protein 1; AltName: Full=Tigger transposable element-derived 1-like protein 2; Flags: Precursor [Homo sapiens]</Hit_def>
  <Hit_accession>Q8N7I0</Hit_accession>
  <Hit_len>195</Hit_len>
  <Hit_hsps>
    <Hsp>
      <Hsp_num>1</Hsp_num>
      <Hsp_bit-score>33.113</Hsp_bit-score>
      <Hsp_score>74</Hsp_score>
      <Hsp_evalue>0.0209954</Hsp_evalue>
      <Hsp_query-from>3</Hsp_query-from>
      <Hsp_query-to>28</Hsp_query-to>
      <Hsp_hit-from>124</Hsp_hit-from>
      <Hsp_hit-to>148</Hsp_hit-to>
      <Hsp_query-frame>0</Hsp_query-frame>
      <Hsp_hit-frame>0</Hsp_hit-frame>
      <Hsp_identity>16</Hsp_identity>
      <Hsp_positive>19</Hsp_positive>
      <Hsp_gaps>1</Hsp_gaps>
      <Hsp_align-len>26</Hsp_align-len>
      <Hsp_qseq>FSCLSVLSSWDYKHLPPSPANFHVFF</Hsp_qseq>
      <Hsp_hseq>FSCLSLPSSWDYRRA-PSPANFCILV</Hsp_hseq>
      <Hsp_midline>FSCLS+ SSWDY+   PSPANF +  </Hsp_midline>
    </Hsp>
  </Hit_hsps>
</Hit>
<Hit>
  <Hit_num>5</Hit_num>
  <Hit_id>sp|Q6XL69.1|</Hit_id>
  <Hit_def>RecName: Full=Melanopsin; AltName: Full=Opsin-4 [Rutilus rutilus]</Hit_def>
  <Hit_accession>Q6XL69</Hit_accession>
  <Hit_len>500</Hit_len>
  <Hit_hsps>
    <Hsp>
      <Hsp_num>1</Hsp_num>
      <Hsp_bit-score>28.1054</Hsp_bit-score>
      <Hsp_score>61</Hsp_score>
      <Hsp_evalue>1.31951</Hsp_evalue>
      <Hsp_query-from>6</Hsp_query-from>
      <Hsp_query-to>34</Hsp_query-to>
      <Hsp_hit-from>211</Hsp_hit-from>
      <Hsp_hit-to>239</Hsp_hit-to>
      <Hsp_query-frame>0</Hsp_query-frame>
      <Hsp_hit-frame>0</Hsp_hit-frame>
      <Hsp_identity>11</Hsp_identity>
      <Hsp_positive>14</Hsp_positive>
      <Hsp_gaps>0</Hsp_gaps>
      <Hsp_align-len>29</Hsp_align-len>
      <Hsp_qseq>LSVLSSWDYKHLPPSPANFHVFFFFFLFF</Hsp_qseq>
      <Hsp_hseq>LQTSCSWDYMTFTPSVRAYTILLFIFVFF</Hsp_hseq>
      <Hsp_midline>L    SWDY    PS   + +  F F+FF</Hsp_midline>
    </Hsp>
  </Hit_hsps>
</Hit>
<Hit>
  <Hit_num>6</Hit_num>
  <Hit_id>sp|Q1JPS6.1|</Hit_id>
  <Hit_def>RecName: Full=Melanopsin-like; AltName: Full=Melanopsin; AltName: Full=Opsin-4-like [Danio rerio]</Hit_def>
  <Hit_accession>Q1JPS6</Hit_accession>
  <Hit_len>500</Hit_len>
  <Hit_hsps>
    <Hsp>
      <Hsp_num>1</Hsp_num>
      <Hsp_bit-score>27.7202</Hsp_bit-score>
      <Hsp_score>60</Hsp_score>
      <Hsp_evalue>1.86762</Hsp_evalue>
      <Hsp_query-from>6</Hsp_query-from>
      <Hsp_query-to>34</Hsp_query-to>
      <Hsp_hit-from>211</Hsp_hit-from>
      <Hsp_hit-to>239</Hsp_hit-to>
      <Hsp_query-frame>0</Hsp_query-frame>
      <Hsp_hit-frame>0</Hsp_hit-frame>
      <Hsp_identity>11</Hsp_identity>
      <Hsp_positive>14</Hsp_positive>
      <Hsp_gaps>0</Hsp_gaps>
      <Hsp_align-len>29</Hsp_align-len>
      <Hsp_qseq>LSVLSSWDYKHLPPSPANFHVFFFFFLFF</Hsp_qseq>
      <Hsp_hseq>LQTSCSWDYMTFTPSVRAYTILLFVFVFF</Hsp_hseq>
      <Hsp_midline>L    SWDY    PS   + +  F F+FF</Hsp_midline>
    </Hsp>
  </Hit_hsps>
</Hit>
<Hit>
  <Hit_num>7</Hit_num>
  <Hit_id>sp|Q2JRF7.1|</Hit_id>
  <Hit_def>RecName: Full=Methylenetetrahydrofolate--tRNA-(uracil-5-)-methyltransferase TrmFO; AltName: Full=Folate-dependent tRNA (uracil-5-)-methyltransferase; AltName: Full=Folate-dependent tRNA(M-5-U54)-methyltransferase [Synechococcus sp. JA-3-3Ab]</Hit_def>
  <Hit_accession>Q2JRF7</Hit_accession>
  <Hit_len>451</Hit_len>
  <Hit_hsps>
    <Hsp>
      <Hsp_num>1</Hsp_num>
      <Hsp_bit-score>26.5646</Hsp_bit-score>
      <Hsp_score>57</Hsp_score>
      <Hsp_evalue>3.8951</Hsp_evalue>
      <Hsp_query-from>1</Hsp_query-from>
      <Hsp_query-to>24</Hsp_query-to>
      <Hsp_hit-from>387</Hsp_hit-from>
      <Hsp_hit-to>410</Hsp_hit-to>
      <Hsp_query-frame>0</Hsp_query-frame>
      <Hsp_hit-frame>0</Hsp_hit-frame>
      <Hsp_identity>12</Hsp_identity>
      <Hsp_positive>13</Hsp_positive>
      <Hsp_gaps>0</Hsp_gaps>
      <Hsp_align-len>24</Hsp_align-len>
      <Hsp_qseq>MRFSCLSVLSSWDYKHLPPSPANF</Hsp_qseq>
      <Hsp_hseq>MMGSLFQFISSADPKHFQPMPANF</Hsp_hseq>
      <Hsp_midline>M  S    +SS D KH  P PANF</Hsp_midline>
    </Hsp>
  </Hit_hsps>
</Hit>
<Hit>
  <Hit_num>8</Hit_num>
  <Hit_id>sp|Q8NDZ0.2|</Hit_id>
  <Hit_def>RecName: Full=BEN domain-containing protein 2 [Homo sapiens]</Hit_def>
  <Hit_accession>Q8NDZ0</Hit_accession>
  <Hit_len>799</Hit_len>
  <Hit_hsps>
    <Hsp>
      <Hsp_num>1</Hsp_num>
      <Hsp_bit-score>25.7942</Hsp_bit-score>
      <Hsp_score>55</Hsp_score>
      <Hsp_evalue>8.7288</Hsp_evalue>
      <Hsp_query-from>2</Hsp_query-from>
      <Hsp_query-to>21</Hsp_query-to>
      <Hsp_hit-from>106</Hsp_hit-from>
      <Hsp_hit-to>125</Hsp_hit-to>
      <Hsp_query-frame>0</Hsp_query-frame>
      <Hsp_hit-frame>0</Hsp_hit-frame>
      <Hsp_identity>10</Hsp_identity>
      <Hsp_positive>13</Hsp_positive>
      <Hsp_gaps>0</Hsp_gaps>
      <Hsp_align-len>20</Hsp_align-len>
      <Hsp_qseq>RFSCLSVLSSWDYKHLPPSP</Hsp_qseq>
      <Hsp_hseq>QFFHLSLPSSWDDRRTPPCP</Hsp_hseq>
      <Hsp_midline>+F  LS+ SSWD +  PP P</Hsp_midline>
    </Hsp>
  </Hit_hsps>
</Hit>
<Hit>
  <Hit_num>9</Hit_num>
  <Hit_id>sp|Q2JQ64.1|</Hit_id>
  <Hit_def>RecName: Full=Methylenetetrahydrofolate--tRNA-(uracil-5-)-methyltransferase TrmFO; AltName: Full=Folate-dependent tRNA (uracil-5-)-methyltransferase; AltName: Full=Folate-dependent tRNA(M-5-U54)-methyltransferase [Synechococcus sp. JA-2-3B&apos;a(2-13)]</Hit_def>
  <Hit_accession>Q2JQ64</Hit_accession>
  <Hit_len>459</Hit_len>
  <Hit_hsps>
    <Hsp>
      <Hsp_num>1</Hsp_num>
      <Hsp_bit-score>25.7942</Hsp_bit-score>
      <Hsp_score>55</Hsp_score>
      <Hsp_evalue>8.89499</Hsp_evalue>
      <Hsp_query-from>1</Hsp_query-from>
      <Hsp_query-to>24</Hsp_query-to>
      <Hsp_hit-from>395</Hsp_hit-from>
      <Hsp_hit-to>418</Hsp_hit-to>
      <Hsp_query-frame>0</Hsp_query-frame>
      <Hsp_hit-frame>0</Hsp_hit-frame>
      <Hsp_identity>11</Hsp_identity>
      <Hsp_positive>13</Hsp_positive>
      <Hsp_gaps>0</Hsp_gaps>
      <Hsp_align-len>24</Hsp_align-len>
      <Hsp_qseq>MRFSCLSVLSSWDYKHLPPSPANF</Hsp_qseq>
      <Hsp_hseq>MMGSLFQFISSADPRHFQPMPANF</Hsp_hseq>
      <Hsp_midline>M  S    +SS D +H  P PANF</Hsp_midline>
    </Hsp>
  </Hit_hsps>
</Hit>
</Iteration_hits>
  <Iteration_stat>
    <Statistics>
      <Statistics_db-num>483204</Statistics_db-num>
      <Statistics_db-len>183688421</Statistics_db-len>
      <Statistics_hsp-len>0</Statistics_hsp-len>
      <Statistics_eff-space>0</Statistics_eff-space>
      <Statistics_kappa>0.041</Statistics_kappa>
      <Statistics_lambda>0.267</Statistics_lambda>
      <Statistics_entropy>0.14</Statistics_entropy>
    </Statistics>
  </Iteration_stat>
</Iteration>
</BlastOutput_iterations>
</BlastOutput>
